  [1m[35m (0.6ms)[0m  [1m[35mDROP DATABASE IF EXISTS "TaskList_development"[0m
  ↳ /Users/jackie/.rvm/gems/ruby-2.5.1/gems/rake-12.3.1/lib/rake/task.rb:271
  [1m[35m (0.8ms)[0m  [1m[35mDROP DATABASE IF EXISTS "TaskList_test"[0m
  ↳ /Users/jackie/.rvm/gems/ruby-2.5.1/gems/rake-12.3.1/lib/rake/task.rb:271
  [1m[35m (553.8ms)[0m  [1m[35mCREATE DATABASE "TaskList_development" ENCODING = 'unicode'[0m
  ↳ /Users/jackie/.rvm/gems/ruby-2.5.1/gems/rake-12.3.1/lib/rake/task.rb:271
  [1m[35m (395.1ms)[0m  [1m[35mCREATE DATABASE "TaskList_test" ENCODING = 'unicode'[0m
  ↳ /Users/jackie/.rvm/gems/ruby-2.5.1/gems/rake-12.3.1/lib/rake/task.rb:271
  [1m[35m (38.0ms)[0m  [1m[35mCREATE TABLE "schema_migrations" ("version" character varying NOT NULL PRIMARY KEY)[0m
  ↳ /Users/jackie/.rvm/gems/ruby-2.5.1/gems/rake-12.3.1/lib/rake/task.rb:271
  [1m[35m (3.3ms)[0m  [1m[35mCREATE TABLE "ar_internal_metadata" ("key" character varying NOT NULL PRIMARY KEY, "value" character varying, "created_at" timestamp NOT NULL, "updated_at" timestamp NOT NULL)[0m
  ↳ /Users/jackie/.rvm/gems/ruby-2.5.1/gems/rake-12.3.1/lib/rake/task.rb:271
  [1m[35m (0.2ms)[0m  [1m[34mSELECT pg_try_advisory_lock(4169262226251541860)[0m
  ↳ /Users/jackie/.rvm/gems/ruby-2.5.1/gems/rake-12.3.1/lib/rake/task.rb:271
  [1m[35m (0.7ms)[0m  [1m[34mSELECT "schema_migrations"."version" FROM "schema_migrations" ORDER BY "schema_migrations"."version" ASC[0m
  ↳ /Users/jackie/.rvm/gems/ruby-2.5.1/gems/rake-12.3.1/lib/rake/task.rb:271
  [1m[36mActiveRecord::InternalMetadata Load (0.7ms)[0m  [1m[34mSELECT  "ar_internal_metadata".* FROM "ar_internal_metadata" WHERE "ar_internal_metadata"."key" = $1 LIMIT $2[0m  [["key", "environment"], ["LIMIT", 1]]
  ↳ /Users/jackie/.rvm/gems/ruby-2.5.1/gems/rake-12.3.1/lib/rake/task.rb:271
  [1m[35m (0.2ms)[0m  [1m[35mBEGIN[0m
  ↳ /Users/jackie/.rvm/gems/ruby-2.5.1/gems/rake-12.3.1/lib/rake/task.rb:271
  [1m[36mActiveRecord::InternalMetadata Create (0.6ms)[0m  [1m[32mINSERT INTO "ar_internal_metadata" ("key", "value", "created_at", "updated_at") VALUES ($1, $2, $3, $4) RETURNING "key"[0m  [["key", "environment"], ["value", "development"], ["created_at", "2018-09-17 20:57:59.482800"], ["updated_at", "2018-09-17 20:57:59.482800"]]
  ↳ /Users/jackie/.rvm/gems/ruby-2.5.1/gems/rake-12.3.1/lib/rake/task.rb:271
  [1m[35m (0.4ms)[0m  [1m[35mCOMMIT[0m
  ↳ /Users/jackie/.rvm/gems/ruby-2.5.1/gems/rake-12.3.1/lib/rake/task.rb:271
  [1m[35m (0.2ms)[0m  [1m[34mSELECT pg_advisory_unlock(4169262226251541860)[0m
  ↳ /Users/jackie/.rvm/gems/ruby-2.5.1/gems/rake-12.3.1/lib/rake/task.rb:271
  [1m[35m (0.2ms)[0m  [1m[34mSELECT "schema_migrations"."version" FROM "schema_migrations" ORDER BY "schema_migrations"."version" ASC[0m
  ↳ /Users/jackie/.rvm/gems/ruby-2.5.1/gems/rake-12.3.1/lib/rake/task.rb:271
  [1m[35m (1.0ms)[0m  [1m[34mSELECT "schema_migrations"."version" FROM "schema_migrations" ORDER BY "schema_migrations"."version" ASC[0m
  ↳ /Users/jackie/.rvm/gems/ruby-2.5.1/gems/rake-12.3.1/lib/rake/task.rb:271
  [1m[35m (7.2ms)[0m  [1m[34mSELECT "schema_migrations"."version" FROM "schema_migrations" ORDER BY "schema_migrations"."version" ASC[0m
  ↳ /Users/jackie/.rvm/gems/ruby-2.5.1/gems/rake-12.3.1/lib/rake/task.rb:271
  [1m[35m (164.6ms)[0m  [1m[35mDROP DATABASE IF EXISTS "TaskList_development"[0m
  ↳ /Users/jackie/.rvm/gems/ruby-2.5.1/gems/rake-12.3.1/lib/rake/task.rb:271
  [1m[35m (214.6ms)[0m  [1m[35mDROP DATABASE IF EXISTS "TaskList_test"[0m
  ↳ /Users/jackie/.rvm/gems/ruby-2.5.1/gems/rake-12.3.1/lib/rake/task.rb:271
  [1m[35m (460.5ms)[0m  [1m[35mCREATE DATABASE "TaskList_development" ENCODING = 'unicode'[0m
  ↳ /Users/jackie/.rvm/gems/ruby-2.5.1/gems/rake-12.3.1/lib/rake/task.rb:271
  [1m[35m (395.0ms)[0m  [1m[35mCREATE DATABASE "TaskList_test" ENCODING = 'unicode'[0m
  ↳ /Users/jackie/.rvm/gems/ruby-2.5.1/gems/rake-12.3.1/lib/rake/task.rb:271
  [1m[35mSQL (1.7ms)[0m  [1m[35mCREATE EXTENSION IF NOT EXISTS "plpgsql"[0m
  ↳ db/schema.rb:16
  [1m[35m (5.1ms)[0m  [1m[35mCREATE TABLE "schema_migrations" ("version" character varying NOT NULL PRIMARY KEY)[0m
  ↳ db/schema.rb:13
  [1m[35m (0.9ms)[0m  [1m[34mSELECT "schema_migrations"."version" FROM "schema_migrations" ORDER BY "schema_migrations"."version" ASC[0m
  ↳ db/schema.rb:13
  [1m[35m (1.0ms)[0m  [1m[32mINSERT INTO "schema_migrations" (version) VALUES (0)[0m
  ↳ db/schema.rb:13
  [1m[35m (3.5ms)[0m  [1m[35mCREATE TABLE "ar_internal_metadata" ("key" character varying NOT NULL PRIMARY KEY, "value" character varying, "created_at" timestamp NOT NULL, "updated_at" timestamp NOT NULL)[0m
  ↳ db/schema.rb:13
  [1m[36mActiveRecord::InternalMetadata Load (0.4ms)[0m  [1m[34mSELECT  "ar_internal_metadata".* FROM "ar_internal_metadata" WHERE "ar_internal_metadata"."key" = $1 LIMIT $2[0m  [["key", "environment"], ["LIMIT", 1]]
  ↳ db/schema.rb:13
  [1m[35m (0.2ms)[0m  [1m[35mBEGIN[0m
  ↳ db/schema.rb:13
  [1m[36mActiveRecord::InternalMetadata Create (0.5ms)[0m  [1m[32mINSERT INTO "ar_internal_metadata" ("key", "value", "created_at", "updated_at") VALUES ($1, $2, $3, $4) RETURNING "key"[0m  [["key", "environment"], ["value", "development"], ["created_at", "2018-09-17 20:59:31.725451"], ["updated_at", "2018-09-17 20:59:31.725451"]]
  ↳ db/schema.rb:13
  [1m[35m (0.4ms)[0m  [1m[35mCOMMIT[0m
  ↳ db/schema.rb:13
  [1m[36mActiveRecord::InternalMetadata Load (0.8ms)[0m  [1m[34mSELECT  "ar_internal_metadata".* FROM "ar_internal_metadata" WHERE "ar_internal_metadata"."key" = $1 LIMIT $2[0m  [["key", "environment"], ["LIMIT", 1]]
  ↳ /Users/jackie/.rvm/gems/ruby-2.5.1/gems/rake-12.3.1/lib/rake/task.rb:271
  [1m[35m (0.2ms)[0m  [1m[35mBEGIN[0m
  ↳ /Users/jackie/.rvm/gems/ruby-2.5.1/gems/rake-12.3.1/lib/rake/task.rb:271
  [1m[35m (0.2ms)[0m  [1m[35mCOMMIT[0m
  ↳ /Users/jackie/.rvm/gems/ruby-2.5.1/gems/rake-12.3.1/lib/rake/task.rb:271
  [1m[35mSQL (0.3ms)[0m  [1m[35mCREATE EXTENSION IF NOT EXISTS "plpgsql"[0m
  ↳ db/schema.rb:16
  [1m[35m (5.4ms)[0m  [1m[35mCREATE TABLE "schema_migrations" ("version" character varying NOT NULL PRIMARY KEY)[0m
  ↳ db/schema.rb:13
  [1m[35m (0.6ms)[0m  [1m[34mSELECT "schema_migrations"."version" FROM "schema_migrations" ORDER BY "schema_migrations"."version" ASC[0m
  ↳ db/schema.rb:13
  [1m[35m (0.8ms)[0m  [1m[32mINSERT INTO "schema_migrations" (version) VALUES (0)[0m
  ↳ db/schema.rb:13
  [1m[35m (3.6ms)[0m  [1m[35mCREATE TABLE "ar_internal_metadata" ("key" character varying NOT NULL PRIMARY KEY, "value" character varying, "created_at" timestamp NOT NULL, "updated_at" timestamp NOT NULL)[0m
  ↳ db/schema.rb:13
  [1m[36mActiveRecord::InternalMetadata Load (0.4ms)[0m  [1m[34mSELECT  "ar_internal_metadata".* FROM "ar_internal_metadata" WHERE "ar_internal_metadata"."key" = $1 LIMIT $2[0m  [["key", "environment"], ["LIMIT", 1]]
  ↳ db/schema.rb:13
  [1m[35m (0.1ms)[0m  [1m[35mBEGIN[0m
  ↳ db/schema.rb:13
  [1m[36mActiveRecord::InternalMetadata Create (0.6ms)[0m  [1m[32mINSERT INTO "ar_internal_metadata" ("key", "value", "created_at", "updated_at") VALUES ($1, $2, $3, $4) RETURNING "key"[0m  [["key", "environment"], ["value", "development"], ["created_at", "2018-09-17 20:59:31.775829"], ["updated_at", "2018-09-17 20:59:31.775829"]]
  ↳ db/schema.rb:13
  [1m[35m (0.4ms)[0m  [1m[35mCOMMIT[0m
  ↳ db/schema.rb:13
  [1m[36mActiveRecord::InternalMetadata Load (0.3ms)[0m  [1m[34mSELECT  "ar_internal_metadata".* FROM "ar_internal_metadata" WHERE "ar_internal_metadata"."key" = $1 LIMIT $2[0m  [["key", "environment"], ["LIMIT", 1]]
  ↳ /Users/jackie/.rvm/gems/ruby-2.5.1/gems/rake-12.3.1/lib/rake/task.rb:271
  [1m[35m (0.2ms)[0m  [1m[35mBEGIN[0m
  ↳ /Users/jackie/.rvm/gems/ruby-2.5.1/gems/rake-12.3.1/lib/rake/task.rb:271
  [1m[36mActiveRecord::InternalMetadata Update (2.2ms)[0m  [1m[33mUPDATE "ar_internal_metadata" SET "value" = $1, "updated_at" = $2 WHERE "ar_internal_metadata"."key" = $3[0m  [["value", "test"], ["updated_at", "2018-09-17 20:59:31.780533"], ["key", "environment"]]
  ↳ /Users/jackie/.rvm/gems/ruby-2.5.1/gems/rake-12.3.1/lib/rake/task.rb:271
  [1m[35m (0.4ms)[0m  [1m[35mCOMMIT[0m
  ↳ /Users/jackie/.rvm/gems/ruby-2.5.1/gems/rake-12.3.1/lib/rake/task.rb:271
  [1m[35m (0.6ms)[0m  [1m[34mSELECT "schema_migrations"."version" FROM "schema_migrations" ORDER BY "schema_migrations"."version" ASC[0m
  ↳ /Users/jackie/.rvm/gems/ruby-2.5.1/gems/rake-12.3.1/lib/rake/task.rb:271
  [1m[35m (0.5ms)[0m  [1m[34mSELECT pg_try_advisory_lock(4169262226251541860)[0m
  ↳ /Users/jackie/.rvm/gems/ruby-2.5.1/gems/rake-12.3.1/lib/rake/task.rb:271
  [1m[35m (0.8ms)[0m  [1m[34mSELECT "schema_migrations"."version" FROM "schema_migrations" ORDER BY "schema_migrations"."version" ASC[0m
  ↳ /Users/jackie/.rvm/gems/ruby-2.5.1/gems/rake-12.3.1/lib/rake/task.rb:271
  [1m[36mActiveRecord::InternalMetadata Load (0.6ms)[0m  [1m[34mSELECT  "ar_internal_metadata".* FROM "ar_internal_metadata" WHERE "ar_internal_metadata"."key" = $1 LIMIT $2[0m  [["key", "environment"], ["LIMIT", 1]]
  ↳ /Users/jackie/.rvm/gems/ruby-2.5.1/gems/rake-12.3.1/lib/rake/task.rb:271
  [1m[35m (0.4ms)[0m  [1m[35mBEGIN[0m
  ↳ /Users/jackie/.rvm/gems/ruby-2.5.1/gems/rake-12.3.1/lib/rake/task.rb:271
  [1m[35m (0.2ms)[0m  [1m[35mCOMMIT[0m
  ↳ /Users/jackie/.rvm/gems/ruby-2.5.1/gems/rake-12.3.1/lib/rake/task.rb:271
  [1m[35m (0.4ms)[0m  [1m[34mSELECT pg_advisory_unlock(4169262226251541860)[0m
  ↳ /Users/jackie/.rvm/gems/ruby-2.5.1/gems/rake-12.3.1/lib/rake/task.rb:271
  [1m[35m (0.4ms)[0m  [1m[34mSELECT "schema_migrations"."version" FROM "schema_migrations" ORDER BY "schema_migrations"."version" ASC[0m
  ↳ /Users/jackie/.rvm/gems/ruby-2.5.1/gems/rake-12.3.1/lib/rake/task.rb:271
